<?xml version="1.0" encoding="UTF-8"?>
<testng-results skipped="0" failed="0" ignored="0" total="1" passed="1">
  <reporter-output>
  </reporter-output>
  <suite name="Default suite" duration-ms="28825" started-at="2019-12-11T11:08:26Z" finished-at="2019-12-11T11:08:55Z">
    <groups>
    </groups>
    <test name="Default test" duration-ms="28825" started-at="2019-12-11T11:08:26Z" finished-at="2019-12-11T11:08:55Z">
      <class name="casestudy1.TestMe">
        <test-method status="PASS" signature="beforeTest()[pri:0, instance:casestudy1.TestMe@5e3a8624]" name="beforeTest" is-config="true" duration-ms="9481" started-at="2019-12-11T11:08:26Z" finished-at="2019-12-11T11:08:35Z">
          <reporter-output>
          </reporter-output>
        </test-method> <!-- beforeTest -->
        <test-method status="PASS" signature="f()[pri:0, instance:casestudy1.TestMe@5e3a8624]" name="f" duration-ms="18552" started-at="2019-12-11T11:08:35Z" finished-at="2019-12-11T11:08:54Z">
          <reporter-output>
          </reporter-output>
        </test-method> <!-- f -->
        <test-method status="PASS" signature="afterTest()[pri:0, instance:casestudy1.TestMe@5e3a8624]" name="afterTest" is-config="true" duration-ms="769" started-at="2019-12-11T11:08:54Z" finished-at="2019-12-11T11:08:55Z">
          <reporter-output>
          </reporter-output>
        </test-method> <!-- afterTest -->
      </class> <!-- casestudy1.TestMe -->
    </test> <!-- Default test -->
  </suite> <!-- Default suite -->
</testng-results>
